<?xml version="1.0" encoding="UTF-8"?>
<!-- Generated by org.testng.reporters.JUnitReportReporter -->
<testsuite hostname="DESKTOP-ERHVJHE" failures="0" tests="1" name="smokeTest.checkoutFunctionality" time="26.224" errors="0" timestamp="2024-02-23T00:04:05 IST" skipped="0">
  <testcase classname="smokeTest.checkoutFunctionality" name="checkoutFunctionality" time="26.224"/>
  <system-out/>
</testsuite> <!-- smokeTest.checkoutFunctionality -->
